build/app/intermediates/manifest_merge_blame_file/release/manifest-merger-blame-release-report.txt
1<?xml version="1.0" encoding="utf-8"?>
2<manifest xmlns:android="http://schemas.android.com/apk/res/android"
3    package="com.example.kite"
4    android:versionCode="1"
5    android:versionName="1.0.0" >
6
7    <uses-sdk
8        android:minSdkVersion="21"
8-->src/main/AndroidManifest.xml
9        android:targetSdkVersion="33" />
9-->src/main/AndroidManifest.xml
10
11    <uses-permission android:name="android.permission.INTERNET" />
11-->src/main/AndroidManifest.xml:3:5-66
11-->src/main/AndroidManifest.xml:3:22-64
12    <uses-permission android:name="android.permission.READ_CONTACTS" />
12-->src/main/AndroidManifest.xml:4:5-72
12-->src/main/AndroidManifest.xml:4:22-69
13    <uses-permission android:name="android.permission.WRITE_CONTACTS" />
13-->src/main/AndroidManifest.xml:5:5-73
13-->src/main/AndroidManifest.xml:5:22-70
14
15    <uses-feature android:name="android.hardware.camera" />
15-->src/main/AndroidManifest.xml:6:5-60
15-->src/main/AndroidManifest.xml:6:19-57
16    <uses-feature android:name="android.hardware.camera.autofocus" />
16-->src/main/AndroidManifest.xml:7:5-70
16-->src/main/AndroidManifest.xml:7:19-67
17
18    <uses-permission android:name="android.permission.CAMERA" />
18-->src/main/AndroidManifest.xml:8:5-65
18-->src/main/AndroidManifest.xml:8:22-62
19    <uses-permission android:name="android.permission.RECORD_AUDIO" />
19-->src/main/AndroidManifest.xml:9:5-71
19-->src/main/AndroidManifest.xml:9:22-68
20    <uses-permission android:name="android.permission.ACCESS_NETWORK_STATE" />
20-->src/main/AndroidManifest.xml:10:5-79
20-->src/main/AndroidManifest.xml:10:22-76
21    <uses-permission android:name="android.permission.CHANGE_NETWORK_STATE" />
21-->src/main/AndroidManifest.xml:11:5-79
21-->src/main/AndroidManifest.xml:11:22-76
22    <uses-permission android:name="android.permission.MODIFY_AUDIO_SETTINGS" />
22-->src/main/AndroidManifest.xml:12:5-80
22-->src/main/AndroidManifest.xml:12:22-77
23    <uses-permission android:name="android.permission.WAKE_LOCK" /> <!-- Permissions options for the `notification` group -->
23-->[:firebase_messaging] AndroidManifest.xml:10:5-68
23-->[:firebase_messaging] AndroidManifest.xml:10:22-65
24    <uses-permission android:name="android.permission.POST_NOTIFICATIONS" />
24-->[:firebase_messaging] AndroidManifest.xml:13:5-77
24-->[:firebase_messaging] AndroidManifest.xml:13:22-74
25    <uses-permission android:name="android.permission.READ_EXTERNAL_STORAGE" />
25-->[:file_picker] AndroidManifest.xml:9:5-80
25-->[:file_picker] AndroidManifest.xml:9:22-77
26
27    <queries>
27-->[:file_picker] AndroidManifest.xml:11:5-17:15
28        <intent>
28-->[:file_picker] AndroidManifest.xml:12:9-16:18
29            <action android:name="android.intent.action.GET_CONTENT" />
29-->[:file_picker] AndroidManifest.xml:13:13-72
29-->[:file_picker] AndroidManifest.xml:13:21-69
30
31            <data android:mimeType="*/*" />
31-->[:file_picker] AndroidManifest.xml:15:13-44
31-->[:file_picker] AndroidManifest.xml:15:19-41
32        </intent>
33        <intent>
33-->[:flutter_inappwebview] AndroidManifest.xml:10:9-12:18
34            <action android:name="android.support.customtabs.action.CustomTabsService" />
34-->[:flutter_inappwebview] AndroidManifest.xml:11:13-90
34-->[:flutter_inappwebview] AndroidManifest.xml:11:21-87
35        </intent>
36        <intent>
36-->[:contacts_service] AndroidManifest.xml:10:9-12:18
37            <action android:name="android.accounts.AccountAuthenticator" />
37-->[:contacts_service] AndroidManifest.xml:11:13-76
37-->[:contacts_service] AndroidManifest.xml:11:21-73
38        </intent> <!-- Allows the app to load an icon corresponding to the custom MIME type. -->
39        <intent>
39-->[:contacts_service] AndroidManifest.xml:14:9-21:18
40            <action android:name="android.intent.action.VIEW" />
40-->[:contacts_service] AndroidManifest.xml:15:13-65
40-->[:contacts_service] AndroidManifest.xml:15:21-62
41
42            <data
42-->[:file_picker] AndroidManifest.xml:15:13-44
43                android:host="com.android.contacts"
44                android:mimeType="vnd.android.cursor.item/*"
44-->[:file_picker] AndroidManifest.xml:15:19-41
45                android:scheme="content" />
46        </intent>
47        <intent>
47-->[androidx.media2:media2-session:1.2.0] AndroidManifest.xml:25:9-27:18
48            <action android:name="android.media.browse.MediaBrowserService" />
48-->[androidx.media2:media2-session:1.2.0] AndroidManifest.xml:26:13-79
48-->[androidx.media2:media2-session:1.2.0] AndroidManifest.xml:26:21-76
49        </intent>
50        <intent>
50-->[androidx.media2:media2-session:1.2.0] AndroidManifest.xml:28:9-30:18
51            <action android:name="androidx.media2.session.MediaSessionService" />
51-->[androidx.media2:media2-session:1.2.0] AndroidManifest.xml:29:13-82
51-->[androidx.media2:media2-session:1.2.0] AndroidManifest.xml:29:21-79
52        </intent>
53        <intent>
53-->[androidx.media2:media2-session:1.2.0] AndroidManifest.xml:31:9-33:18
54            <action android:name="androidx.media2.session.MediaLibraryService" />
54-->[androidx.media2:media2-session:1.2.0] AndroidManifest.xml:32:13-82
54-->[androidx.media2:media2-session:1.2.0] AndroidManifest.xml:32:21-79
55        </intent> <!-- Needs to be explicitly declared on Android R+ -->
56        <package android:name="com.google.android.apps.maps" />
56-->[com.google.android.gms:play-services-maps:18.1.0] AndroidManifest.xml:33:9-64
56-->[com.google.android.gms:play-services-maps:18.1.0] AndroidManifest.xml:33:18-61
57    </queries>
58
59    <uses-permission android:name="android.permission.RECEIVE_BOOT_COMPLETED" />
59-->[:awesome_notifications] AndroidManifest.xml:9:5-81
59-->[:awesome_notifications] AndroidManifest.xml:9:22-78
60    <uses-permission android:name="android.permission.VIBRATE" />
60-->[:awesome_notifications] AndroidManifest.xml:10:5-66
60-->[:awesome_notifications] AndroidManifest.xml:10:22-63
61    <uses-permission android:name="android.permission.ACCESS_COARSE_LOCATION" />
61-->[:location] AndroidManifest.xml:9:5-81
61-->[:location] AndroidManifest.xml:9:22-78
62    <uses-permission android:name="android.permission.ACCESS_FINE_LOCATION" /> <!-- Required by older versions of Google Play services to create IID tokens -->
62-->[:location] AndroidManifest.xml:10:5-79
62-->[:location] AndroidManifest.xml:10:22-76
63    <uses-permission android:name="com.google.android.c2dm.permission.RECEIVE" />
63-->[com.google.firebase:firebase-messaging:23.0.7] AndroidManifest.xml:29:5-82
63-->[com.google.firebase:firebase-messaging:23.0.7] AndroidManifest.xml:29:22-79
64    <uses-permission
64-->[com.github.canardoux:flutter_sound_core:9.2.13] AndroidManifest.xml:11:5-68
65        android:name="android.permission.BLUETOOTH"
65-->[com.github.canardoux:flutter_sound_core:9.2.13] AndroidManifest.xml:11:22-65
66        android:maxSdkVersion="30" />
66-->[com.twilio:audioswitch:1.1.5] AndroidManifest.xml:11:9-35
67    <uses-permission android:name="android.permission.BLUETOOTH_CONNECT" />
67-->[com.twilio:audioswitch:1.1.5] AndroidManifest.xml:12:5-76
67-->[com.twilio:audioswitch:1.1.5] AndroidManifest.xml:12:22-73
68
69    <uses-feature
69-->[com.google.android.gms:play-services-maps:18.1.0] AndroidManifest.xml:26:5-28:35
70        android:glEsVersion="0x00020000"
70-->[com.google.android.gms:play-services-maps:18.1.0] AndroidManifest.xml:27:9-41
71        android:required="true" />
71-->[com.google.android.gms:play-services-maps:18.1.0] AndroidManifest.xml:28:9-32
72    <uses-feature
72-->[com.journeyapps:zxing-android-embedded:4.3.0] AndroidManifest.xml:28:5-30:36
73        android:name="android.hardware.camera.front"
73-->[com.journeyapps:zxing-android-embedded:4.3.0] AndroidManifest.xml:29:9-53
74        android:required="false" />
74-->[com.journeyapps:zxing-android-embedded:4.3.0] AndroidManifest.xml:30:9-33
75    <uses-feature
75-->[com.journeyapps:zxing-android-embedded:4.3.0] AndroidManifest.xml:36:5-38:36
76        android:name="android.hardware.camera.flash"
76-->[com.journeyapps:zxing-android-embedded:4.3.0] AndroidManifest.xml:37:9-53
77        android:required="false" />
77-->[com.journeyapps:zxing-android-embedded:4.3.0] AndroidManifest.xml:38:9-33
78    <uses-feature
78-->[com.journeyapps:zxing-android-embedded:4.3.0] AndroidManifest.xml:39:5-41:36
79        android:name="android.hardware.screen.landscape"
79-->[com.journeyapps:zxing-android-embedded:4.3.0] AndroidManifest.xml:40:9-57
80        android:required="false" />
80-->[com.journeyapps:zxing-android-embedded:4.3.0] AndroidManifest.xml:41:9-33
81    <uses-feature
81-->[com.journeyapps:zxing-android-embedded:4.3.0] AndroidManifest.xml:42:5-44:36
82        android:name="android.hardware.wifi"
82-->[com.journeyapps:zxing-android-embedded:4.3.0] AndroidManifest.xml:43:9-45
83        android:required="false" /> <!-- for android -->
83-->[com.journeyapps:zxing-android-embedded:4.3.0] AndroidManifest.xml:44:9-33
84    <!-- <uses-permission android:name="com.android.launcher.permission.READ_SETTINGS"/> -->
85    <!-- <uses-permission android:name="com.android.launcher.permission.WRITE_SETTINGS"/> -->
86    <!-- <uses-permission android:name="com.android.launcher.permission.INSTALL_SHORTCUT" /> -->
87    <!-- <uses-permission android:name="com.android.launcher.permission.UNINSTALL_SHORTCUT" /> -->
88    <!-- for Samsung -->
89    <uses-permission android:name="com.sec.android.provider.badge.permission.READ" />
89-->[me.leolin:ShortcutBadger:1.1.22] AndroidManifest.xml:19:5-86
89-->[me.leolin:ShortcutBadger:1.1.22] AndroidManifest.xml:19:22-83
90    <uses-permission android:name="com.sec.android.provider.badge.permission.WRITE" /> <!-- for htc -->
90-->[me.leolin:ShortcutBadger:1.1.22] AndroidManifest.xml:20:5-87
90-->[me.leolin:ShortcutBadger:1.1.22] AndroidManifest.xml:20:22-84
91    <uses-permission android:name="com.htc.launcher.permission.READ_SETTINGS" />
91-->[me.leolin:ShortcutBadger:1.1.22] AndroidManifest.xml:23:5-81
91-->[me.leolin:ShortcutBadger:1.1.22] AndroidManifest.xml:23:22-78
92    <uses-permission android:name="com.htc.launcher.permission.UPDATE_SHORTCUT" /> <!-- for sony -->
92-->[me.leolin:ShortcutBadger:1.1.22] AndroidManifest.xml:24:5-83
92-->[me.leolin:ShortcutBadger:1.1.22] AndroidManifest.xml:24:22-80
93    <uses-permission android:name="com.sonyericsson.home.permission.BROADCAST_BADGE" />
93-->[me.leolin:ShortcutBadger:1.1.22] AndroidManifest.xml:27:5-88
93-->[me.leolin:ShortcutBadger:1.1.22] AndroidManifest.xml:27:22-85
94    <uses-permission android:name="com.sonymobile.home.permission.PROVIDER_INSERT_BADGE" /> <!-- for apex -->
94-->[me.leolin:ShortcutBadger:1.1.22] AndroidManifest.xml:28:5-92
94-->[me.leolin:ShortcutBadger:1.1.22] AndroidManifest.xml:28:22-89
95    <uses-permission android:name="com.anddoes.launcher.permission.UPDATE_COUNT" /> <!-- for solid -->
95-->[me.leolin:ShortcutBadger:1.1.22] AndroidManifest.xml:31:5-84
95-->[me.leolin:ShortcutBadger:1.1.22] AndroidManifest.xml:31:22-81
96    <uses-permission android:name="com.majeur.launcher.permission.UPDATE_BADGE" /> <!-- for huawei -->
96-->[me.leolin:ShortcutBadger:1.1.22] AndroidManifest.xml:34:5-83
96-->[me.leolin:ShortcutBadger:1.1.22] AndroidManifest.xml:34:22-80
97    <uses-permission android:name="com.huawei.android.launcher.permission.CHANGE_BADGE" />
97-->[me.leolin:ShortcutBadger:1.1.22] AndroidManifest.xml:37:5-91
97-->[me.leolin:ShortcutBadger:1.1.22] AndroidManifest.xml:37:22-88
98    <uses-permission android:name="com.huawei.android.launcher.permission.READ_SETTINGS" />
98-->[me.leolin:ShortcutBadger:1.1.22] AndroidManifest.xml:38:5-92
98-->[me.leolin:ShortcutBadger:1.1.22] AndroidManifest.xml:38:22-89
99    <uses-permission android:name="com.huawei.android.launcher.permission.WRITE_SETTINGS" /> <!-- for ZUK -->
99-->[me.leolin:ShortcutBadger:1.1.22] AndroidManifest.xml:39:5-93
99-->[me.leolin:ShortcutBadger:1.1.22] AndroidManifest.xml:39:22-90
100    <uses-permission android:name="android.permission.READ_APP_BADGE" /> <!-- for OPPO -->
100-->[me.leolin:ShortcutBadger:1.1.22] AndroidManifest.xml:42:5-73
100-->[me.leolin:ShortcutBadger:1.1.22] AndroidManifest.xml:42:22-70
101    <uses-permission android:name="com.oppo.launcher.permission.READ_SETTINGS" />
101-->[me.leolin:ShortcutBadger:1.1.22] AndroidManifest.xml:45:5-82
101-->[me.leolin:ShortcutBadger:1.1.22] AndroidManifest.xml:45:22-79
102    <uses-permission android:name="com.oppo.launcher.permission.WRITE_SETTINGS" /> <!-- for EvMe -->
102-->[me.leolin:ShortcutBadger:1.1.22] AndroidManifest.xml:46:5-83
102-->[me.leolin:ShortcutBadger:1.1.22] AndroidManifest.xml:46:22-80
103    <uses-permission android:name="me.everything.badger.permission.BADGE_COUNT_READ" />
103-->[me.leolin:ShortcutBadger:1.1.22] AndroidManifest.xml:49:5-88
103-->[me.leolin:ShortcutBadger:1.1.22] AndroidManifest.xml:49:22-85
104    <uses-permission android:name="me.everything.badger.permission.BADGE_COUNT_WRITE" />
104-->[me.leolin:ShortcutBadger:1.1.22] AndroidManifest.xml:50:5-89
104-->[me.leolin:ShortcutBadger:1.1.22] AndroidManifest.xml:50:22-86
105
106    <application
107        android:name="android.app.Application"
107-->src/main/AndroidManifest.xml:15:9-42
108        android:appComponentFactory="androidx.core.app.CoreComponentFactory"
108-->[androidx.core:core:1.8.0] AndroidManifest.xml:24:18-86
109        android:icon="@mipmap/ic_launcher"
109-->src/main/AndroidManifest.xml:16:9-43
110        android:label="kite" >
110-->src/main/AndroidManifest.xml:14:9-29
111        <activity
111-->src/main/AndroidManifest.xml:17:9-37:20
112            android:name="com.example.kite.MainActivity"
112-->src/main/AndroidManifest.xml:18:13-41
113            android:configChanges="orientation|keyboardHidden|keyboard|screenSize|smallestScreenSize|locale|layoutDirection|fontScale|screenLayout|density|uiMode"
113-->src/main/AndroidManifest.xml:22:13-163
114            android:exported="true"
114-->src/main/AndroidManifest.xml:19:13-36
115            android:hardwareAccelerated="true"
115-->src/main/AndroidManifest.xml:23:13-47
116            android:launchMode="singleTop"
116-->src/main/AndroidManifest.xml:20:13-43
117            android:theme="@style/LaunchTheme"
117-->src/main/AndroidManifest.xml:21:13-47
118            android:windowSoftInputMode="adjustResize" >
118-->src/main/AndroidManifest.xml:24:13-55
119
120            <!--
121                 Specifies an Android theme to apply to this Activity as soon as
122                 the Android process has started. This theme is visible to the user
123                 while the Flutter UI initializes. After that, this theme continues
124                 to determine the Window background behind the Flutter UI.
125            -->
126            <meta-data
126-->src/main/AndroidManifest.xml:29:13-32:17
127                android:name="io.flutter.embedding.android.NormalTheme"
127-->src/main/AndroidManifest.xml:30:15-70
128                android:resource="@style/NormalTheme" />
128-->src/main/AndroidManifest.xml:31:15-52
129
130            <intent-filter>
130-->src/main/AndroidManifest.xml:33:13-36:29
131                <action android:name="android.intent.action.MAIN" />
131-->src/main/AndroidManifest.xml:34:17-68
131-->src/main/AndroidManifest.xml:34:25-66
132
133                <category android:name="android.intent.category.LAUNCHER" />
133-->src/main/AndroidManifest.xml:35:17-76
133-->src/main/AndroidManifest.xml:35:27-74
134            </intent-filter>
135        </activity>
136        <!--
137             Don't delete the meta-data below.
138             This is used by the Flutter tool to generate GeneratedPluginRegistrant.java
139        -->
140
141        <meta-data
141-->src/main/AndroidManifest.xml:41:9-43:33
142            android:name="flutterEmbedding"
142-->src/main/AndroidManifest.xml:42:13-44
143            android:value="2" />
143-->src/main/AndroidManifest.xml:43:13-30
144
145        <service
145-->[:firebase_database] AndroidManifest.xml:10:9-14:19
146            android:name="com.google.firebase.components.ComponentDiscoveryService"
146-->[:firebase_database] AndroidManifest.xml:10:18-89
147            android:directBootAware="true"
147-->[com.google.firebase:firebase-common:20.1.1] AndroidManifest.xml:35:13-43
148            android:exported="false" >
148-->[com.google.firebase:firebase-messaging:23.0.7] AndroidManifest.xml:55:13-37
149            <meta-data
149-->[:firebase_database] AndroidManifest.xml:11:13-13:85
150                android:name="com.google.firebase.components:io.flutter.plugins.firebase.database.FlutterFirebaseAppRegistrar"
150-->[:firebase_database] AndroidManifest.xml:12:17-127
151                android:value="com.google.firebase.components.ComponentRegistrar" />
151-->[:firebase_database] AndroidManifest.xml:13:17-82
152            <meta-data
152-->[:firebase_messaging] AndroidManifest.xml:38:13-40:85
153                android:name="com.google.firebase.components:io.flutter.plugins.firebase.messaging.FlutterFirebaseAppRegistrar"
153-->[:firebase_messaging] AndroidManifest.xml:39:17-128
154                android:value="com.google.firebase.components.ComponentRegistrar" />
154-->[:firebase_messaging] AndroidManifest.xml:40:17-82
155            <meta-data
155-->[:cloud_firestore] AndroidManifest.xml:11:13-13:85
156                android:name="com.google.firebase.components:io.flutter.plugins.firebase.firestore.FlutterFirebaseFirestoreRegistrar"
156-->[:cloud_firestore] AndroidManifest.xml:12:17-134
157                android:value="com.google.firebase.components.ComponentRegistrar" />
157-->[:cloud_firestore] AndroidManifest.xml:13:17-82
158            <meta-data
158-->[:cloud_functions] AndroidManifest.xml:11:13-13:85
159                android:name="com.google.firebase.components:io.flutter.plugins.firebase.functions.FlutterFirebaseAppRegistrar"
159-->[:cloud_functions] AndroidManifest.xml:12:17-128
160                android:value="com.google.firebase.components.ComponentRegistrar" />
160-->[:cloud_functions] AndroidManifest.xml:13:17-82
161            <meta-data
161-->[:firebase_auth] AndroidManifest.xml:11:13-13:85
162                android:name="com.google.firebase.components:io.flutter.plugins.firebase.auth.FlutterFirebaseAuthRegistrar"
162-->[:firebase_auth] AndroidManifest.xml:12:17-124
163                android:value="com.google.firebase.components.ComponentRegistrar" />
163-->[:firebase_auth] AndroidManifest.xml:13:17-82
164            <meta-data
164-->[:firebase_core] AndroidManifest.xml:11:13-13:85
165                android:name="com.google.firebase.components:io.flutter.plugins.firebase.core.FlutterFirebaseCoreRegistrar"
165-->[:firebase_core] AndroidManifest.xml:12:17-124
166                android:value="com.google.firebase.components.ComponentRegistrar" />
166-->[:firebase_core] AndroidManifest.xml:13:17-82
167            <meta-data
167-->[com.google.firebase:firebase-messaging:23.0.7] AndroidManifest.xml:56:13-58:85
168                android:name="com.google.firebase.components:com.google.firebase.messaging.FirebaseMessagingRegistrar"
168-->[com.google.firebase:firebase-messaging:23.0.7] AndroidManifest.xml:57:17-119
169                android:value="com.google.firebase.components.ComponentRegistrar" />
169-->[com.google.firebase:firebase-messaging:23.0.7] AndroidManifest.xml:58:17-82
170            <meta-data
170-->[com.google.firebase:firebase-datatransport:18.1.5] AndroidManifest.xml:28:13-30:85
171                android:name="com.google.firebase.components:com.google.firebase.datatransport.TransportRegistrar"
171-->[com.google.firebase:firebase-datatransport:18.1.5] AndroidManifest.xml:29:17-115
172                android:value="com.google.firebase.components.ComponentRegistrar" />
172-->[com.google.firebase:firebase-datatransport:18.1.5] AndroidManifest.xml:30:17-82
173            <meta-data
173-->[com.google.firebase:firebase-functions:20.1.0] AndroidManifest.xml:18:13-20:85
174                android:name="com.google.firebase.components:com.google.firebase.functions.FunctionsRegistrar"
174-->[com.google.firebase:firebase-functions:20.1.0] AndroidManifest.xml:19:17-111
175                android:value="com.google.firebase.components.ComponentRegistrar" />
175-->[com.google.firebase:firebase-functions:20.1.0] AndroidManifest.xml:20:17-82
176            <meta-data
176-->[com.google.firebase:firebase-auth:21.0.7] AndroidManifest.xml:67:13-69:85
177                android:name="com.google.firebase.components:com.google.firebase.auth.FirebaseAuthRegistrar"
177-->[com.google.firebase:firebase-auth:21.0.7] AndroidManifest.xml:68:17-109
178                android:value="com.google.firebase.components.ComponentRegistrar" />
178-->[com.google.firebase:firebase-auth:21.0.7] AndroidManifest.xml:69:17-82
179            <meta-data
179-->[com.google.firebase:firebase-iid:21.1.0] AndroidManifest.xml:32:13-34:85
180                android:name="com.google.firebase.components:com.google.firebase.iid.Registrar"
180-->[com.google.firebase:firebase-iid:21.1.0] AndroidManifest.xml:33:17-96
181                android:value="com.google.firebase.components.ComponentRegistrar" />
181-->[com.google.firebase:firebase-iid:21.1.0] AndroidManifest.xml:34:17-82
182            <meta-data
182-->[com.google.firebase:firebase-firestore:24.2.2] AndroidManifest.xml:20:13-22:85
183                android:name="com.google.firebase.components:com.google.firebase.firestore.FirestoreRegistrar"
183-->[com.google.firebase:firebase-firestore:24.2.2] AndroidManifest.xml:21:17-111
184                android:value="com.google.firebase.components.ComponentRegistrar" />
184-->[com.google.firebase:firebase-firestore:24.2.2] AndroidManifest.xml:22:17-82
185            <meta-data
185-->[com.google.firebase:firebase-database:20.0.5] AndroidManifest.xml:32:13-34:85
186                android:name="com.google.firebase.components:com.google.firebase.database.DatabaseRegistrar"
186-->[com.google.firebase:firebase-database:20.0.5] AndroidManifest.xml:33:17-109
187                android:value="com.google.firebase.components.ComponentRegistrar" />
187-->[com.google.firebase:firebase-database:20.0.5] AndroidManifest.xml:34:17-82
188            <meta-data
188-->[com.google.firebase:firebase-installations:17.0.1] AndroidManifest.xml:18:13-20:85
189                android:name="com.google.firebase.components:com.google.firebase.installations.FirebaseInstallationsRegistrar"
189-->[com.google.firebase:firebase-installations:17.0.1] AndroidManifest.xml:19:17-127
190                android:value="com.google.firebase.components.ComponentRegistrar" />
190-->[com.google.firebase:firebase-installations:17.0.1] AndroidManifest.xml:20:17-82
191        </service>
192        <service
192-->[:firebase_messaging] AndroidManifest.xml:16:9-19:72
193            android:name="io.flutter.plugins.firebase.messaging.FlutterFirebaseMessagingBackgroundService"
193-->[:firebase_messaging] AndroidManifest.xml:17:13-107
194            android:exported="false"
194-->[:firebase_messaging] AndroidManifest.xml:18:13-37
195            android:permission="android.permission.BIND_JOB_SERVICE" />
195-->[:firebase_messaging] AndroidManifest.xml:19:13-69
196        <service
196-->[:firebase_messaging] AndroidManifest.xml:20:9-26:19
197            android:name="io.flutter.plugins.firebase.messaging.FlutterFirebaseMessagingService"
197-->[:firebase_messaging] AndroidManifest.xml:21:13-97
198            android:exported="false" >
198-->[:firebase_messaging] AndroidManifest.xml:22:13-37
199            <intent-filter>
199-->[:firebase_messaging] AndroidManifest.xml:23:13-25:29
200                <action android:name="com.google.firebase.MESSAGING_EVENT" />
200-->[:firebase_messaging] AndroidManifest.xml:24:17-78
200-->[:firebase_messaging] AndroidManifest.xml:24:25-75
201            </intent-filter>
202        </service>
203
204        <receiver
204-->[:firebase_messaging] AndroidManifest.xml:28:9-35:20
205            android:name="io.flutter.plugins.firebase.messaging.FlutterFirebaseMessagingReceiver"
205-->[:firebase_messaging] AndroidManifest.xml:29:13-98
206            android:exported="true"
206-->[:firebase_messaging] AndroidManifest.xml:30:13-36
207            android:permission="com.google.android.c2dm.permission.SEND" >
207-->[:firebase_messaging] AndroidManifest.xml:31:13-73
208            <intent-filter>
208-->[:firebase_messaging] AndroidManifest.xml:32:13-34:29
209                <action android:name="com.google.android.c2dm.intent.RECEIVE" />
209-->[:firebase_messaging] AndroidManifest.xml:33:17-81
209-->[:firebase_messaging] AndroidManifest.xml:33:25-78
210            </intent-filter>
211        </receiver>
212
213        <provider
213-->[:firebase_messaging] AndroidManifest.xml:43:9-47:38
214            android:name="io.flutter.plugins.firebase.messaging.FlutterFirebaseMessagingInitProvider"
214-->[:firebase_messaging] AndroidManifest.xml:44:13-102
215            android:authorities="com.example.kite.flutterfirebasemessaginginitprovider"
215-->[:firebase_messaging] AndroidManifest.xml:45:13-88
216            android:exported="false"
216-->[:firebase_messaging] AndroidManifest.xml:46:13-37
217            android:initOrder="99" />
217-->[:firebase_messaging] AndroidManifest.xml:47:13-35
218
219        <activity
219-->[:flutter_inappwebview] AndroidManifest.xml:16:9-20:47
220            android:name="com.pichillilorenzo.flutter_inappwebview.in_app_browser.InAppBrowserActivity"
220-->[:flutter_inappwebview] AndroidManifest.xml:17:13-104
221            android:configChanges="orientation|keyboardHidden|keyboard|screenSize|locale|layoutDirection|fontScale|screenLayout|density"
221-->[:flutter_inappwebview] AndroidManifest.xml:18:13-137
222            android:exported="true"
222-->[:flutter_inappwebview] AndroidManifest.xml:19:13-36
223            android:theme="@style/AppTheme" />
223-->[:flutter_inappwebview] AndroidManifest.xml:20:13-44
224        <activity
224-->[:flutter_inappwebview] AndroidManifest.xml:21:9-24:55
225            android:name="com.pichillilorenzo.flutter_inappwebview.chrome_custom_tabs.ChromeCustomTabsActivity"
225-->[:flutter_inappwebview] AndroidManifest.xml:22:13-112
226            android:exported="true"
226-->[:flutter_inappwebview] AndroidManifest.xml:23:13-36
227            android:theme="@style/ThemeTransparent" />
227-->[:flutter_inappwebview] AndroidManifest.xml:24:13-52
228        <activity
228-->[:flutter_inappwebview] AndroidManifest.xml:25:9-28:55
229            android:name="com.pichillilorenzo.flutter_inappwebview.chrome_custom_tabs.TrustedWebActivity"
229-->[:flutter_inappwebview] AndroidManifest.xml:26:13-106
230            android:exported="true"
230-->[:flutter_inappwebview] AndroidManifest.xml:27:13-36
231            android:theme="@style/ThemeTransparent" />
231-->[:flutter_inappwebview] AndroidManifest.xml:28:13-52
232        <activity
232-->[:flutter_inappwebview] AndroidManifest.xml:29:9-33:55
233            android:name="com.pichillilorenzo.flutter_inappwebview.chrome_custom_tabs.ChromeCustomTabsActivitySingleInstance"
233-->[:flutter_inappwebview] AndroidManifest.xml:30:13-126
234            android:exported="true"
234-->[:flutter_inappwebview] AndroidManifest.xml:31:13-36
235            android:launchMode="singleInstance"
235-->[:flutter_inappwebview] AndroidManifest.xml:32:13-48
236            android:theme="@style/ThemeTransparent" />
236-->[:flutter_inappwebview] AndroidManifest.xml:33:13-52
237        <activity
237-->[:flutter_inappwebview] AndroidManifest.xml:34:9-38:55
238            android:name="com.pichillilorenzo.flutter_inappwebview.chrome_custom_tabs.TrustedWebActivitySingleInstance"
238-->[:flutter_inappwebview] AndroidManifest.xml:35:13-120
239            android:exported="true"
239-->[:flutter_inappwebview] AndroidManifest.xml:36:13-36
240            android:launchMode="singleInstance"
240-->[:flutter_inappwebview] AndroidManifest.xml:37:13-48
241            android:theme="@style/ThemeTransparent" />
241-->[:flutter_inappwebview] AndroidManifest.xml:38:13-52
242
243        <receiver
243-->[:flutter_inappwebview] AndroidManifest.xml:40:9-43:40
244            android:name="com.pichillilorenzo.flutter_inappwebview.chrome_custom_tabs.ActionBroadcastReceiver"
244-->[:flutter_inappwebview] AndroidManifest.xml:41:13-111
245            android:enabled="true"
245-->[:flutter_inappwebview] AndroidManifest.xml:42:13-35
246            android:exported="false" />
246-->[:flutter_inappwebview] AndroidManifest.xml:43:13-37
247
248        <meta-data
248-->[:flutter_inappwebview] AndroidManifest.xml:45:9-47:36
249            android:name="io.flutter.embedded_views_preview"
249-->[:flutter_inappwebview] AndroidManifest.xml:46:13-61
250            android:value="true" />
250-->[:flutter_inappwebview] AndroidManifest.xml:47:13-33
251
252        <provider
252-->[:image_picker_android] AndroidManifest.xml:10:9-18:20
253            android:name="io.flutter.plugins.imagepicker.ImagePickerFileProvider"
253-->[:image_picker_android] AndroidManifest.xml:11:13-82
254            android:authorities="com.example.kite.flutter.image_provider"
254-->[:image_picker_android] AndroidManifest.xml:12:13-74
255            android:exported="false"
255-->[:image_picker_android] AndroidManifest.xml:13:13-37
256            android:grantUriPermissions="true" >
256-->[:image_picker_android] AndroidManifest.xml:14:13-47
257            <meta-data
257-->[:image_picker_android] AndroidManifest.xml:15:13-17:75
258                android:name="android.support.FILE_PROVIDER_PATHS"
258-->[:image_picker_android] AndroidManifest.xml:16:17-67
259                android:resource="@xml/flutter_image_picker_file_paths" />
259-->[:image_picker_android] AndroidManifest.xml:17:17-72
260        </provider>
261        <provider
261-->[:wc_flutter_share] AndroidManifest.xml:10:9-18:20